2025-02-02T18:44:14,553 INFO  org.hibernate.validator.internal.util.Version - HV000001: Hibernate Validator 8.0.1.Final
2025-02-02T18:44:14,600 INFO  com.rogeriogregorio.securityloginjwt.SecurityLoginJwtApplication - Starting SecurityLoginJwtApplication using Java 17.0.13 with PID 44162 (/home/rogerio/projetos/security-login-jwt/target/classes started by rogerio in /home/rogerio/projetos/security-login-jwt)
2025-02-02T18:44:14,603 DEBUG com.rogeriogregorio.securityloginjwt.SecurityLoginJwtApplication - Running with Spring Boot v3.3.3, Spring v6.1.12
2025-02-02T18:44:14,604 INFO  com.rogeriogregorio.securityloginjwt.SecurityLoginJwtApplication - The following 1 profile is active: "test"
2025-02-02T18:44:14,666 INFO  org.springframework.boot.devtools.env.DevToolsPropertyDefaultsPostProcessor - Devtools property defaults active! Set 'spring.devtools.add-properties' to 'false' to disable
2025-02-02T18:44:14,667 INFO  org.springframework.boot.devtools.env.DevToolsPropertyDefaultsPostProcessor - For additional web related logging consider setting the 'logging.level.web' property to 'DEBUG'
2025-02-02T18:44:15,741 INFO  org.springframework.data.repository.config.RepositoryConfigurationDelegate - Bootstrapping Spring Data JPA repositories in DEFAULT mode.
2025-02-02T18:44:15,792 INFO  org.springframework.data.repository.config.RepositoryConfigurationDelegate - Finished Spring Data repository scanning in 41 ms. Found 1 JPA repository interface.
2025-02-02T18:44:16,522 INFO  org.springframework.boot.web.embedded.tomcat.TomcatWebServer - Tomcat initialized with port 8080 (http)
2025-02-02T18:44:16,530 INFO  org.apache.coyote.http11.Http11NioProtocol - Initializing ProtocolHandler ["http-nio-8080"]
2025-02-02T18:44:16,533 INFO  org.apache.catalina.core.StandardService - Starting service [Tomcat]
2025-02-02T18:44:16,533 INFO  org.apache.catalina.core.StandardEngine - Starting Servlet engine: [Apache Tomcat/10.1.28]
2025-02-02T18:44:16,573 INFO  org.apache.catalina.core.ContainerBase.[Tomcat].[localhost].[/api/v1] - Initializing Spring embedded WebApplicationContext
2025-02-02T18:44:16,575 INFO  org.springframework.boot.web.servlet.context.ServletWebServerApplicationContext - Root WebApplicationContext: initialization completed in 1905 ms
2025-02-02T18:44:16,843 INFO  org.hibernate.jpa.internal.util.LogHelper - HHH000204: Processing PersistenceUnitInfo [name: default]
2025-02-02T18:44:16,907 INFO  org.hibernate.Version - HHH000412: Hibernate ORM core version 6.5.2.Final
2025-02-02T18:44:16,940 INFO  org.hibernate.cache.internal.RegionFactoryInitiator - HHH000026: Second-level cache disabled
2025-02-02T18:44:17,218 INFO  org.springframework.orm.jpa.persistenceunit.SpringPersistenceUnitInfo - No LoadTimeWeaver setup: ignoring JPA class transformer
2025-02-02T18:44:17,238 INFO  com.zaxxer.hikari.HikariDataSource - HikariPool-1 - Starting...
2025-02-02T18:44:17,379 INFO  com.zaxxer.hikari.pool.HikariPool - HikariPool-1 - Added connection conn0: url=jdbc:h2:mem:testdb user=SA
2025-02-02T18:44:17,380 INFO  com.zaxxer.hikari.HikariDataSource - HikariPool-1 - Start completed.
2025-02-02T18:44:17,401 WARN  org.hibernate.dialect.Dialect - HHH000511: The 2.2.224 version for [org.hibernate.dialect.PostgreSQLDialect] is no longer supported, hence certain features may not work properly. The minimum supported version is 12.0.0. Check the community dialects project for available legacy versions.
2025-02-02T18:44:17,407 WARN  org.hibernate.orm.deprecation - HHH90000025: PostgreSQLDialect does not need to be specified explicitly using 'hibernate.dialect' (remove the property setting and it will be selected by default)
2025-02-02T18:44:18,029 INFO  org.hibernate.engine.transaction.jta.platform.internal.JtaPlatformInitiator - HHH000489: No JTA platform available (set 'hibernate.transaction.jta.platform' to enable JTA platform integration)
2025-02-02T18:44:18,075 INFO  org.springframework.orm.jpa.LocalContainerEntityManagerFactoryBean - Initialized JPA EntityManagerFactory for persistence unit 'default'
2025-02-02T18:44:18,396 DEBUG com.rogeriogregorio.securityloginjwt.security.config.SecurityFilterConfig - Filter 'securityFilterConfig' configured for use
2025-02-02T18:44:18,667 INFO  org.springframework.security.config.annotation.authentication.configuration.InitializeUserDetailsBeanManagerConfigurer$InitializeUserDetailsManagerConfigurer - Global AuthenticationManager configured with UserDetailsService bean with name authorizationServiceImpl
2025-02-02T18:44:19,199 INFO  org.springframework.boot.actuate.endpoint.web.EndpointLinksResolver - Exposing 1 endpoint beneath base path '/actuator'
2025-02-02T18:44:19,254 DEBUG org.springframework.security.web.DefaultSecurityFilterChain - Will secure any request with filters: DisableEncodeUrlFilter, WebAsyncManagerIntegrationFilter, SecurityContextHolderFilter, HeaderWriterFilter, CorsFilter, LogoutFilter, SecurityFilterConfig, RequestCacheAwareFilter, SecurityContextHolderAwareRequestFilter, AnonymousAuthenticationFilter, SessionManagementFilter, ExceptionTranslationFilter, AuthorizationFilter
2025-02-02T18:44:19,638 INFO  org.springframework.boot.devtools.autoconfigure.OptionalLiveReloadServer - LiveReload server is running on port 35729
2025-02-02T18:44:19,677 INFO  org.apache.coyote.http11.Http11NioProtocol - Starting ProtocolHandler ["http-nio-8080"]
2025-02-02T18:44:19,693 INFO  org.springframework.boot.web.embedded.tomcat.TomcatWebServer - Tomcat started on port 8080 (http) with context path '/api/v1'
2025-02-02T18:44:19,713 INFO  com.rogeriogregorio.securityloginjwt.SecurityLoginJwtApplication - Started SecurityLoginJwtApplication in 5.561 seconds (process running for 6.44)
2025-02-02T18:44:46,054 INFO  org.apache.catalina.core.ContainerBase.[Tomcat].[localhost].[/api/v1] - Initializing Spring DispatcherServlet 'dispatcherServlet'
2025-02-02T18:44:46,054 INFO  org.springframework.web.servlet.DispatcherServlet - Initializing Servlet 'dispatcherServlet'
2025-02-02T18:44:46,055 INFO  org.springframework.web.servlet.DispatcherServlet - Completed initialization in 1 ms
2025-02-02T18:44:46,072 DEBUG org.springframework.security.web.FilterChainProxy - Securing OPTIONS /authenticate
2025-02-02T18:44:46,094 DEBUG org.springframework.security.web.FilterChainProxy - Securing POST /authenticate
2025-02-02T18:44:46,098 DEBUG org.springframework.security.web.authentication.AnonymousAuthenticationFilter - Set SecurityContextHolder to anonymous SecurityContext
2025-02-02T18:44:46,101 DEBUG org.springframework.security.web.FilterChainProxy - Secured POST /authenticate
2025-02-02T18:44:46,367 DEBUG org.springframework.security.authentication.dao.DaoAuthenticationProvider - Authenticated user
2025-02-02T18:44:46,421 DEBUG org.springframework.security.web.FilterChainProxy - Securing GET /test
2025-02-02T18:44:46,422 DEBUG org.springframework.security.web.authentication.AnonymousAuthenticationFilter - Set SecurityContextHolder to anonymous SecurityContext
2025-02-02T18:44:46,423 DEBUG org.springframework.security.web.FilterChainProxy - Secured GET /test
2025-02-02T18:44:46,433 DEBUG org.springframework.security.web.FilterChainProxy - Securing GET /health-check.html
2025-02-02T18:44:46,434 DEBUG org.springframework.security.web.authentication.AnonymousAuthenticationFilter - Set SecurityContextHolder to anonymous SecurityContext
2025-02-02T18:44:46,435 DEBUG org.springframework.security.web.FilterChainProxy - Secured GET /health-check.html
2025-02-02T18:44:46,471 DEBUG org.springframework.security.web.FilterChainProxy - Securing GET /actuator/health
2025-02-02T18:44:46,472 DEBUG org.springframework.security.web.authentication.AnonymousAuthenticationFilter - Set SecurityContextHolder to anonymous SecurityContext
2025-02-02T18:44:46,473 DEBUG org.springframework.security.web.FilterChainProxy - Secured GET /actuator/health
2025-02-02T18:45:00,920 DEBUG org.springframework.security.web.FilterChainProxy - Securing GET /users
2025-02-02T18:45:00,922 DEBUG org.springframework.security.web.authentication.AnonymousAuthenticationFilter - Set SecurityContextHolder to anonymous SecurityContext
2025-02-02T18:45:00,926 DEBUG org.springframework.security.web.authentication.Http403ForbiddenEntryPoint - Pre-authenticated entry point called. Rejecting access
2025-02-02T18:45:00,930 DEBUG org.springframework.security.web.FilterChainProxy - Securing GET /error
2025-02-02T18:45:00,931 DEBUG org.springframework.security.web.authentication.AnonymousAuthenticationFilter - Set SecurityContextHolder to anonymous SecurityContext
2025-02-02T18:45:00,932 DEBUG org.springframework.security.web.authentication.Http403ForbiddenEntryPoint - Pre-authenticated entry point called. Rejecting access
2025-02-02T18:52:30,063 DEBUG org.springframework.security.web.FilterChainProxy - Securing GET /users
2025-02-02T18:52:30,065 DEBUG org.springframework.security.web.authentication.AnonymousAuthenticationFilter - Set SecurityContextHolder to anonymous SecurityContext
2025-02-02T18:52:30,067 DEBUG org.springframework.security.web.authentication.Http403ForbiddenEntryPoint - Pre-authenticated entry point called. Rejecting access
2025-02-02T18:52:30,069 DEBUG org.springframework.security.web.FilterChainProxy - Securing GET /error
2025-02-02T18:52:30,070 DEBUG org.springframework.security.web.authentication.AnonymousAuthenticationFilter - Set SecurityContextHolder to anonymous SecurityContext
2025-02-02T18:52:30,070 DEBUG org.springframework.security.web.authentication.Http403ForbiddenEntryPoint - Pre-authenticated entry point called. Rejecting access
2025-02-02T18:52:31,389 DEBUG org.springframework.security.web.FilterChainProxy - Securing GET /users
2025-02-02T18:52:31,392 DEBUG org.springframework.security.web.authentication.AnonymousAuthenticationFilter - Set SecurityContextHolder to anonymous SecurityContext
2025-02-02T18:52:31,394 DEBUG org.springframework.security.web.authentication.Http403ForbiddenEntryPoint - Pre-authenticated entry point called. Rejecting access
2025-02-02T18:52:31,397 DEBUG org.springframework.security.web.FilterChainProxy - Securing GET /error
2025-02-02T18:52:31,398 DEBUG org.springframework.security.web.authentication.AnonymousAuthenticationFilter - Set SecurityContextHolder to anonymous SecurityContext
2025-02-02T18:52:31,399 DEBUG org.springframework.security.web.authentication.Http403ForbiddenEntryPoint - Pre-authenticated entry point called. Rejecting access
2025-02-02T18:52:45,656 DEBUG org.springframework.security.web.FilterChainProxy - Securing GET /users
2025-02-02T18:52:45,657 DEBUG org.springframework.security.web.authentication.AnonymousAuthenticationFilter - Set SecurityContextHolder to anonymous SecurityContext
2025-02-02T18:52:45,658 DEBUG org.springframework.security.web.authentication.Http403ForbiddenEntryPoint - Pre-authenticated entry point called. Rejecting access
2025-02-02T18:52:45,659 DEBUG org.springframework.security.web.FilterChainProxy - Securing GET /error
2025-02-02T18:52:45,659 DEBUG org.springframework.security.web.authentication.AnonymousAuthenticationFilter - Set SecurityContextHolder to anonymous SecurityContext
2025-02-02T18:52:45,660 DEBUG org.springframework.security.web.authentication.Http403ForbiddenEntryPoint - Pre-authenticated entry point called. Rejecting access
2025-02-02T18:52:51,676 DEBUG org.springframework.security.web.FilterChainProxy - Securing GET /users
2025-02-02T18:52:51,677 DEBUG org.springframework.security.web.authentication.AnonymousAuthenticationFilter - Set SecurityContextHolder to anonymous SecurityContext
2025-02-02T18:52:51,678 DEBUG org.springframework.security.web.authentication.Http403ForbiddenEntryPoint - Pre-authenticated entry point called. Rejecting access
2025-02-02T18:52:51,680 DEBUG org.springframework.security.web.FilterChainProxy - Securing GET /error
2025-02-02T18:52:51,680 DEBUG org.springframework.security.web.authentication.AnonymousAuthenticationFilter - Set SecurityContextHolder to anonymous SecurityContext
2025-02-02T18:52:51,681 DEBUG org.springframework.security.web.authentication.Http403ForbiddenEntryPoint - Pre-authenticated entry point called. Rejecting access
2025-02-02T18:53:07,337 DEBUG org.springframework.security.web.FilterChainProxy - Securing GET /users
2025-02-02T18:53:07,339 DEBUG org.springframework.security.web.authentication.AnonymousAuthenticationFilter - Set SecurityContextHolder to anonymous SecurityContext
2025-02-02T18:53:07,339 DEBUG org.springframework.security.web.authentication.Http403ForbiddenEntryPoint - Pre-authenticated entry point called. Rejecting access
2025-02-02T18:53:07,341 DEBUG org.springframework.security.web.FilterChainProxy - Securing GET /error
2025-02-02T18:53:07,341 DEBUG org.springframework.security.web.authentication.AnonymousAuthenticationFilter - Set SecurityContextHolder to anonymous SecurityContext
2025-02-02T18:53:07,341 DEBUG org.springframework.security.web.authentication.Http403ForbiddenEntryPoint - Pre-authenticated entry point called. Rejecting access
2025-02-02T18:53:20,878 DEBUG org.springframework.security.web.FilterChainProxy - Securing OPTIONS /users
2025-02-02T18:53:20,882 DEBUG org.springframework.security.web.FilterChainProxy - Securing POST /users
2025-02-02T18:53:20,883 DEBUG org.springframework.security.web.authentication.AnonymousAuthenticationFilter - Set SecurityContextHolder to anonymous SecurityContext
2025-02-02T18:53:20,884 DEBUG org.springframework.security.web.authentication.Http403ForbiddenEntryPoint - Pre-authenticated entry point called. Rejecting access
2025-02-02T18:53:20,885 DEBUG org.springframework.security.web.FilterChainProxy - Securing POST /error
2025-02-02T18:53:20,886 DEBUG org.springframework.security.web.authentication.AnonymousAuthenticationFilter - Set SecurityContextHolder to anonymous SecurityContext
2025-02-02T18:53:20,886 DEBUG org.springframework.security.web.authentication.Http403ForbiddenEntryPoint - Pre-authenticated entry point called. Rejecting access
2025-02-02T18:53:20,891 DEBUG org.springframework.security.web.FilterChainProxy - Securing GET /users
2025-02-02T18:53:20,892 DEBUG org.springframework.security.web.authentication.AnonymousAuthenticationFilter - Set SecurityContextHolder to anonymous SecurityContext
2025-02-02T18:53:20,892 DEBUG org.springframework.security.web.authentication.Http403ForbiddenEntryPoint - Pre-authenticated entry point called. Rejecting access
2025-02-02T18:53:20,894 DEBUG org.springframework.security.web.FilterChainProxy - Securing GET /error
2025-02-02T18:53:20,895 DEBUG org.springframework.security.web.authentication.AnonymousAuthenticationFilter - Set SecurityContextHolder to anonymous SecurityContext
2025-02-02T18:53:20,895 DEBUG org.springframework.security.web.authentication.Http403ForbiddenEntryPoint - Pre-authenticated entry point called. Rejecting access
2025-02-02T18:57:09,249 DEBUG org.springframework.security.web.FilterChainProxy - Securing GET /users
2025-02-02T18:57:09,250 DEBUG org.springframework.security.web.authentication.AnonymousAuthenticationFilter - Set SecurityContextHolder to anonymous SecurityContext
2025-02-02T18:57:09,251 DEBUG org.springframework.security.web.authentication.Http403ForbiddenEntryPoint - Pre-authenticated entry point called. Rejecting access
2025-02-02T18:57:09,252 DEBUG org.springframework.security.web.FilterChainProxy - Securing GET /error
2025-02-02T18:57:09,253 DEBUG org.springframework.security.web.authentication.AnonymousAuthenticationFilter - Set SecurityContextHolder to anonymous SecurityContext
2025-02-02T18:57:09,253 DEBUG org.springframework.security.web.authentication.Http403ForbiddenEntryPoint - Pre-authenticated entry point called. Rejecting access
2025-02-02T18:57:23,278 DEBUG org.springframework.security.web.FilterChainProxy - Securing POST /users
2025-02-02T18:57:23,279 DEBUG org.springframework.security.web.authentication.AnonymousAuthenticationFilter - Set SecurityContextHolder to anonymous SecurityContext
2025-02-02T18:57:23,280 DEBUG org.springframework.security.web.authentication.Http403ForbiddenEntryPoint - Pre-authenticated entry point called. Rejecting access
2025-02-02T18:57:23,281 DEBUG org.springframework.security.web.FilterChainProxy - Securing POST /error
2025-02-02T18:57:23,282 DEBUG org.springframework.security.web.authentication.AnonymousAuthenticationFilter - Set SecurityContextHolder to anonymous SecurityContext
2025-02-02T18:57:23,282 DEBUG org.springframework.security.web.authentication.Http403ForbiddenEntryPoint - Pre-authenticated entry point called. Rejecting access
2025-02-02T18:57:23,287 DEBUG org.springframework.security.web.FilterChainProxy - Securing GET /users
2025-02-02T18:57:23,288 DEBUG org.springframework.security.web.authentication.AnonymousAuthenticationFilter - Set SecurityContextHolder to anonymous SecurityContext
2025-02-02T18:57:23,288 DEBUG org.springframework.security.web.authentication.Http403ForbiddenEntryPoint - Pre-authenticated entry point called. Rejecting access
2025-02-02T18:57:23,289 DEBUG org.springframework.security.web.FilterChainProxy - Securing GET /error
2025-02-02T18:57:23,290 DEBUG org.springframework.security.web.authentication.AnonymousAuthenticationFilter - Set SecurityContextHolder to anonymous SecurityContext
2025-02-02T18:57:23,290 DEBUG org.springframework.security.web.authentication.Http403ForbiddenEntryPoint - Pre-authenticated entry point called. Rejecting access
2025-02-02T18:57:31,240 DEBUG org.springframework.security.web.FilterChainProxy - Securing GET /users
2025-02-02T18:57:31,241 DEBUG org.springframework.security.web.authentication.AnonymousAuthenticationFilter - Set SecurityContextHolder to anonymous SecurityContext
2025-02-02T18:57:31,241 DEBUG org.springframework.security.web.authentication.Http403ForbiddenEntryPoint - Pre-authenticated entry point called. Rejecting access
2025-02-02T18:57:31,242 DEBUG org.springframework.security.web.FilterChainProxy - Securing GET /error
2025-02-02T18:57:31,243 DEBUG org.springframework.security.web.authentication.AnonymousAuthenticationFilter - Set SecurityContextHolder to anonymous SecurityContext
2025-02-02T18:57:31,243 DEBUG org.springframework.security.web.authentication.Http403ForbiddenEntryPoint - Pre-authenticated entry point called. Rejecting access
2025-02-02T19:03:52,096 DEBUG org.springframework.security.web.FilterChainProxy - Securing GET /users
2025-02-02T19:03:52,097 DEBUG org.springframework.security.web.authentication.AnonymousAuthenticationFilter - Set SecurityContextHolder to anonymous SecurityContext
2025-02-02T19:03:52,098 DEBUG org.springframework.security.web.authentication.Http403ForbiddenEntryPoint - Pre-authenticated entry point called. Rejecting access
2025-02-02T19:03:52,099 DEBUG org.springframework.security.web.FilterChainProxy - Securing GET /error
2025-02-02T19:03:52,099 DEBUG org.springframework.security.web.authentication.AnonymousAuthenticationFilter - Set SecurityContextHolder to anonymous SecurityContext
2025-02-02T19:03:52,100 DEBUG org.springframework.security.web.authentication.Http403ForbiddenEntryPoint - Pre-authenticated entry point called. Rejecting access
2025-02-02T19:03:58,141 DEBUG org.springframework.security.web.FilterChainProxy - Securing POST /users
2025-02-02T19:03:58,145 DEBUG org.springframework.security.web.authentication.AnonymousAuthenticationFilter - Set SecurityContextHolder to anonymous SecurityContext
2025-02-02T19:03:58,146 DEBUG org.springframework.security.web.authentication.Http403ForbiddenEntryPoint - Pre-authenticated entry point called. Rejecting access
2025-02-02T19:03:58,148 DEBUG org.springframework.security.web.FilterChainProxy - Securing POST /error
2025-02-02T19:03:58,148 DEBUG org.springframework.security.web.authentication.AnonymousAuthenticationFilter - Set SecurityContextHolder to anonymous SecurityContext
2025-02-02T19:03:58,149 DEBUG org.springframework.security.web.authentication.Http403ForbiddenEntryPoint - Pre-authenticated entry point called. Rejecting access
2025-02-02T19:04:13,070 DEBUG org.springframework.security.web.FilterChainProxy - Securing POST /users
2025-02-02T19:04:13,071 DEBUG org.springframework.security.web.authentication.AnonymousAuthenticationFilter - Set SecurityContextHolder to anonymous SecurityContext
2025-02-02T19:04:13,072 DEBUG org.springframework.security.web.authentication.Http403ForbiddenEntryPoint - Pre-authenticated entry point called. Rejecting access
2025-02-02T19:04:13,073 DEBUG org.springframework.security.web.FilterChainProxy - Securing POST /error
2025-02-02T19:04:13,074 DEBUG org.springframework.security.web.authentication.AnonymousAuthenticationFilter - Set SecurityContextHolder to anonymous SecurityContext
2025-02-02T19:04:13,074 DEBUG org.springframework.security.web.authentication.Http403ForbiddenEntryPoint - Pre-authenticated entry point called. Rejecting access
2025-02-02T19:04:25,462 DEBUG org.springframework.security.web.FilterChainProxy - Securing POST /users
2025-02-02T19:04:25,463 DEBUG org.springframework.security.web.authentication.AnonymousAuthenticationFilter - Set SecurityContextHolder to anonymous SecurityContext
2025-02-02T19:04:25,463 DEBUG org.springframework.security.web.authentication.Http403ForbiddenEntryPoint - Pre-authenticated entry point called. Rejecting access
2025-02-02T19:04:25,464 DEBUG org.springframework.security.web.FilterChainProxy - Securing POST /error
2025-02-02T19:04:25,465 DEBUG org.springframework.security.web.authentication.AnonymousAuthenticationFilter - Set SecurityContextHolder to anonymous SecurityContext
2025-02-02T19:04:25,465 DEBUG org.springframework.security.web.authentication.Http403ForbiddenEntryPoint - Pre-authenticated entry point called. Rejecting access
2025-02-02T19:04:39,088 DEBUG org.springframework.security.web.FilterChainProxy - Securing GET /users
2025-02-02T19:04:39,089 DEBUG org.springframework.security.web.authentication.AnonymousAuthenticationFilter - Set SecurityContextHolder to anonymous SecurityContext
2025-02-02T19:04:39,090 DEBUG org.springframework.security.web.authentication.Http403ForbiddenEntryPoint - Pre-authenticated entry point called. Rejecting access
2025-02-02T19:04:39,091 DEBUG org.springframework.security.web.FilterChainProxy - Securing GET /error
2025-02-02T19:04:39,092 DEBUG org.springframework.security.web.authentication.AnonymousAuthenticationFilter - Set SecurityContextHolder to anonymous SecurityContext
2025-02-02T19:04:39,092 DEBUG org.springframework.security.web.authentication.Http403ForbiddenEntryPoint - Pre-authenticated entry point called. Rejecting access
2025-02-02T19:05:32,827 DEBUG org.springframework.security.web.FilterChainProxy - Securing GET /users
2025-02-02T19:05:32,828 DEBUG org.springframework.security.web.authentication.AnonymousAuthenticationFilter - Set SecurityContextHolder to anonymous SecurityContext
2025-02-02T19:05:32,828 DEBUG org.springframework.security.web.authentication.Http403ForbiddenEntryPoint - Pre-authenticated entry point called. Rejecting access
2025-02-02T19:05:32,830 DEBUG org.springframework.security.web.FilterChainProxy - Securing GET /error
2025-02-02T19:05:32,830 DEBUG org.springframework.security.web.authentication.AnonymousAuthenticationFilter - Set SecurityContextHolder to anonymous SecurityContext
2025-02-02T19:05:32,831 DEBUG org.springframework.security.web.authentication.Http403ForbiddenEntryPoint - Pre-authenticated entry point called. Rejecting access
2025-02-02T19:06:05,173 INFO  org.springframework.orm.jpa.LocalContainerEntityManagerFactoryBean - Closing JPA EntityManagerFactory for persistence unit 'default'
2025-02-02T19:06:05,179 WARN  org.springframework.beans.factory.support.DisposableBeanAdapter - Invocation of destroy method failed on bean with name 'inMemoryDatabaseShutdownExecutor': org.h2.jdbc.JdbcSQLNonTransientConnectionException: Database is already closed (to disable automatic closing at VM shutdown, add ";DB_CLOSE_ON_EXIT=FALSE" to the db URL) [90121-224]
2025-02-02T19:06:05,180 INFO  com.zaxxer.hikari.HikariDataSource - HikariPool-1 - Shutdown initiated...
2025-02-02T19:06:05,183 INFO  com.zaxxer.hikari.HikariDataSource - HikariPool-1 - Shutdown completed.
